# JRE version: OpenJDK Runtime Environment (11.0.10) (build 11.0.10+0-b96-7249189)
# Java VM: OpenJDK 64-Bit Server VM (11.0.10+0-b96-7249189, mixed mode, tiered, compressed oops, g1 gc, windows-amd64)
Heap:
 garbage-first heap   total 312320K, used 64080K [0x0000000702e00000, 0x0000000800000000)
  region size 1024K, 44 young (45056K), 2 survivors (2048K)
 Metaspace       used 44467K, capacity 44980K, committed 45084K, reserved 1089536K
  class space    used 5264K, capacity 5471K, committed 5504K, reserved 1048576K
GC Heap History (10 events):
Event: 0.392 GC heap before
{Heap before GC invocations=0 (full 0):
 garbage-first heap   total 260096K, used 27648K [0x0000000702e00000, 0x0000000800000000)
  region size 1024K, 24 young (24576K), 0 survivors (0K)
 Metaspace       used 12323K, capacity 12437K, committed 12544K, reserved 1060864K
  class space    used 1163K, capacity 1206K, committed 1280K, reserved 1048576K
}
Event: 0.395 GC heap after
{Heap after GC invocations=1 (full 0):
 garbage-first heap   total 260096K, used 5997K [0x0000000702e00000, 0x0000000800000000)
  region size 1024K, 3 young (3072K), 3 survivors (3072K)
 Metaspace       used 12323K, capacity 12437K, committed 12544K, reserved 1060864K
  class space    used 1163K, capacity 1206K, committed 1280K, reserved 1048576K
}
Event: 0.796 GC heap before
{Heap before GC invocations=1 (full 0):
 garbage-first heap   total 260096K, used 40813K [0x0000000702e00000, 0x0000000800000000)
  region size 1024K, 38 young (38912K), 3 survivors (3072K)
 Metaspace       used 20862K, capacity 21087K, committed 21296K, reserved 1069056K
  class space    used 2218K, capacity 2312K, committed 2432K, reserved 1048576K
}
Event: 0.805 GC heap after
{Heap after GC invocations=2 (full 0):
 garbage-first heap   total 260096K, used 9210K [0x0000000702e00000, 0x0000000800000000)
  region size 1024K, 6 young (6144K), 6 survivors (6144K)
 Metaspace       used 20862K, capacity 21087K, committed 21296K, reserved 1069056K
  class space    used 2218K, capacity 2312K, committed 2432K, reserved 1048576K
}
Event: 1.365 GC heap before
{Heap before GC invocations=3 (full 0):
 garbage-first heap   total 260096K, used 64506K [0x0000000702e00000, 0x0000000800000000)
  region size 1024K, 55 young (56320K), 6 survivors (6144K)
 Metaspace       used 30729K, capacity 31182K, committed 31536K, reserved 1077248K
  class space    used 3760K, capacity 3923K, committed 3968K, reserved 1048576K
}
Event: 1.375 GC heap after
{Heap after GC invocations=4 (full 0):
 garbage-first heap   total 260096K, used 22008K [0x0000000702e00000, 0x0000000800000000)
  region size 1024K, 7 young (7168K), 7 survivors (7168K)
 Metaspace       used 30729K, capacity 31182K, committed 31536K, reserved 1077248K
  class space    used 3760K, capacity 3923K, committed 3968K, reserved 1048576K
}
Event: 1.550 GC heap before
{Heap before GC invocations=4 (full 0):
 garbage-first heap   total 260096K, used 38392K [0x0000000702e00000, 0x0000000800000000)
  region size 1024K, 23 young (23552K), 7 survivors (7168K)
 Metaspace       used 34348K, capacity 34814K, committed 35120K, reserved 1079296K
  class space    used 4258K, capacity 4409K, committed 4480K, reserved 1048576K
}
Event: 1.556 GC heap after
{Heap after GC invocations=5 (full 0):
 garbage-first heap   total 260096K, used 22219K [0x0000000702e00000, 0x0000000800000000)
  region size 1024K, 2 young (2048K), 2 survivors (2048K)
 Metaspace       used 34348K, capacity 34814K, committed 35120K, reserved 1079296K
  class space    used 4258K, capacity 4409K, committed 4480K, reserved 1048576K
}
Event: 1.610 GC heap before
{Heap before GC invocations=5 (full 0):
 garbage-first heap   total 260096K, used 27339K [0x0000000702e00000, 0x0000000800000000)
  region size 1024K, 8 young (8192K), 2 survivors (2048K)
 Metaspace       used 35105K, capacity 35524K, committed 35888K, reserved 1081344K
  class space    used 4324K, capacity 4473K, committed 4480K, reserved 1048576K
}
Event: 1.612 GC heap after
{Heap after GC invocations=6 (full 0):
 garbage-first heap   total 312320K, used 22096K [0x0000000702e00000, 0x0000000800000000)
  region size 1024K, 2 young (2048K), 2 survivors (2048K)
 Metaspace       used 35105K, capacity 35524K, committed 35888K, reserved 1081344K
  class space    used 4324K, capacity 4473K, committed 4480K, reserved 1048576K
}

